#
# There is insufficient memory for the Java Runtime Environment to continue.
# Native memory allocation (malloc) failed to allocate 560816 bytes for Chunk::new
# Possible reasons:
#   The system is out of physical RAM or swap space
#   In 32 bit mode, the process size limit was hit
# Possible solutions:
#   Reduce memory load on the system
#   Increase physical memory or swap space
#   Check if swap backing store is full
#   Use 64 bit Java on a 64 bit OS
#   Decrease Java heap size (-Xmx/-Xms)
#   Decrease number of Java threads
#   Decrease Java thread stack sizes (-Xss)
#   Set larger code cache with -XX:ReservedCodeCacheSize=
# This output file may be truncated or incomplete.
#
#  Out of Memory Error (allocation.cpp:390), pid=8404, tid=0x000000000000250c
#
# JRE version: Java(TM) SE Runtime Environment (8.0_131-b11) (build 1.8.0_131-b11)
# Java VM: Java HotSpot(TM) 64-Bit Server VM (25.131-b11 mixed mode windows-amd64 compressed oops)
# Failed to write core dump. Minidumps are not enabled by default on client versions of Windows
#

---------------  T H R E A D  ---------------

Current thread (0x0000000015e67000):  JavaThread "C2 CompilerThread1" daemon [_thread_in_native, id=9484, stack(0x00000000175b0000,0x00000000176b0000)]

Stack: [0x00000000175b0000,0x00000000176b0000]
[error occurred during error reporting (printing stack bounds), id 0xc0000005]

Native frames: (J=compiled Java code, j=interpreted, Vv=VM code, C=native code)


Current CompileTask:
C2:  52120 9830       4       com.android.tools.r8.u.b.M0::a (345 bytes)


---------------  P R O C E S S  ---------------

Java Threads: ( => current thread )
  0x000000001dc12800 JavaThread "ForkJoinPool.commonPool-worker-2" daemon [_thread_blocked, id=2252, stack(0x0000000025b00000,0x0000000025c00000)]
  0x000000001dc0f800 JavaThread "ForkJoinPool.commonPool-worker-1" daemon [_thread_blocked, id=9920, stack(0x0000000025a00000,0x0000000025b00000)]
  0x000000001dc07000 JavaThread "stdout" [_thread_in_native, id=12664, stack(0x0000000025900000,0x0000000025a00000)]
  0x000000001dc08000 JavaThread "stderr" [_thread_in_native, id=9860, stack(0x0000000025800000,0x0000000025900000)]
  0x000000001dc0b000 JavaThread "stdout" [_thread_in_native, id=7924, stack(0x0000000025700000,0x0000000025800000)]
  0x000000001dc0a000 JavaThread "stderr" [_thread_in_native, id=9636, stack(0x0000000025600000,0x0000000025700000)]
  0x000000001dc08800 JavaThread "stdout" [_thread_in_native, id=7548, stack(0x0000000025500000,0x0000000025600000)]
  0x000000001dc09800 JavaThread "stderr" [_thread_in_native, id=5484, stack(0x0000000025400000,0x0000000025500000)]
  0x00000000189bb000 JavaThread "stdout" [_thread_in_native, id=1996, stack(0x0000000025300000,0x0000000025400000)]
  0x00000000189ba800 JavaThread "stderr" [_thread_in_native, id=11056, stack(0x0000000025200000,0x0000000025300000)]
  0x00000000189bc000 JavaThread "pool-2-thread-1" [_thread_blocked, id=2640, stack(0x0000000025100000,0x0000000025200000)]
  0x00000000189b8000 JavaThread "Java2D Disposer" daemon [_thread_blocked, id=9960, stack(0x0000000024e00000,0x0000000024f00000)]
  0x00000000189b7800 JavaThread "WorkerExecutor Queue Thread 3" [_thread_in_vm, id=5884, stack(0x0000000024c00000,0x0000000024d00000)]
  0x0000000018cce000 JavaThread "Cache worker for execution history cache (C:\Users\Debdut\AndroidStudioProjects\BasicCurrencyConverter\.gradle\5.6.4\executionHistory)" [_thread_blocked, id=8948, stack(0x0000000024300000,0x0000000024400000)]
  0x0000000018cd2000 JavaThread "Execution worker for ':' Thread 3" [_thread_blocked, id=6700, stack(0x0000000024200000,0x0000000024300000)]
  0x0000000018ccf000 JavaThread "Execution worker for ':' Thread 2" [_thread_blocked, id=2712, stack(0x0000000023e10000,0x0000000023f10000)]
  0x0000000018cd1000 JavaThread "Execution worker for ':'" [_thread_blocked, id=7680, stack(0x0000000023d10000,0x0000000023e10000)]
  0x0000000018ccf800 JavaThread "Cache worker for file content cache (C:\Users\Debdut\AndroidStudioProjects\BasicCurrencyConverter\.gradle\5.6.4\fileContent)" [_thread_blocked, id=10268, stack(0x0000000023780000,0x0000000023880000)]
  0x0000000018ccd800 JavaThread "Cache worker for file content cache (C:\Users\Debdut\.gradle\caches\5.6.4\fileContent)" [_thread_blocked, id=11964, stack(0x0000000023680000,0x0000000023780000)]
  0x0000000018cd0800 JavaThread "Memory manager" [_thread_blocked, id=10932, stack(0x0000000000880000,0x0000000000980000)]
  0x0000000018ccc800 JavaThread "Cache worker for Build Output Cleanup Cache (C:\Users\Debdut\AndroidStudioProjects\BasicCurrencyConverter\.gradle\buildOutputCleanup)" [_thread_blocked, id=6020, stack(0x0000000021d90000,0x0000000021e90000)]
  0x0000000018cc5000 JavaThread "Build operations Thread 4" [_thread_in_vm, id=9900, stack(0x00000000215d0000,0x00000000216d0000)]
  0x0000000018ccc000 JavaThread "Build operations Thread 3" [_thread_in_Java, id=6072, stack(0x00000000214d0000,0x00000000215d0000)]
  0x0000000018cc5800 JavaThread "Build operations Thread 2" [_thread_blocked, id=1800, stack(0x00000000213d0000,0x00000000214d0000)]
  0x0000000018ccb000 JavaThread "Build operations" [_thread_in_Java, id=12760, stack(0x00000000212d0000,0x00000000213d0000)]
  0x0000000018cc4000 JavaThread "Cache worker for execution history cache (C:\Users\Debdut\.gradle\caches\5.6.4\executionHistory)" [_thread_blocked, id=6912, stack(0x0000000020dd0000,0x0000000020ed0000)]
  0x0000000018cca000 JavaThread "Cache worker for cache directory md-rule (C:\Users\Debdut\.gradle\caches\5.6.4\md-rule)" [_thread_blocked, id=556, stack(0x000000001e350000,0x000000001e450000)]
  0x0000000018cc2800 JavaThread "Cache worker for cache directory md-supplier (C:\Users\Debdut\.gradle\caches\5.6.4\md-supplier)" [_thread_blocked, id=12568, stack(0x0000000020cd0000,0x0000000020dd0000)]
  0x0000000018cc7000 JavaThread "Cache worker for file hash cache (C:\Users\Debdut\AndroidStudioProjects\BasicCurrencyConverter\.gradle\5.6.4\fileHashes)" [_thread_blocked, id=2360, stack(0x000000001e030000,0x000000001e130000)]
  0x0000000018cc6800 JavaThread "Cache worker for journal cache (C:\Users\Debdut\.gradle\caches\journal-1)" [_thread_blocked, id=9708, stack(0x000000001bbd0000,0x000000001bcd0000)]
  0x0000000018cc8000 JavaThread "File lock request listener" [_thread_in_native, id=2628, stack(0x000000001bad0000,0x000000001bbd0000)]
  0x0000000018cc9800 JavaThread "Cache worker for file hash cache (C:\Users\Debdut\.gradle\caches\5.6.4\fileHashes)" [_thread_blocked, id=11824, stack(0x000000001b7d0000,0x000000001b8d0000)]
  0x0000000019485800 JavaThread "Thread-9" [_thread_blocked, id=5176, stack(0x000000001b6d0000,0x000000001b7d0000)]
  0x0000000019487000 JavaThread "Stdin handler" [_thread_blocked, id=10344, stack(0x000000001b5d0000,0x000000001b6d0000)]
  0x0000000019488800 JavaThread "Asynchronous log dispatcher for DefaultDaemonConnection: socket connection from /127.0.0.1:38727 to /127.0.0.1:38728" [_thread_blocked, id=9172, stack(0x000000001b4d0000,0x000000001b5d0000)]
  0x0000000019484800 JavaThread "Daemon worker" [_thread_blocked, id=3584, stack(0x000000001b3d0000,0x000000001b4d0000)]
  0x0000000019487800 JavaThread "Cancel handler" [_thread_blocked, id=5968, stack(0x000000001b2d0000,0x000000001b3d0000)]
  0x0000000019483000 JavaThread "Handler for socket connection from /127.0.0.1:38727 to /127.0.0.1:38728" [_thread_in_native, id=10472, stack(0x000000001afd0000,0x000000001b0d0000)]
  0x000000001948a000 JavaThread "Daemon" [_thread_blocked, id=10820, stack(0x000000001aed0000,0x000000001afd0000)]
  0x0000000019486000 JavaThread "Daemon periodic checks" [_thread_blocked, id=12844, stack(0x000000001add0000,0x000000001aed0000)]
  0x0000000019489000 JavaThread "Incoming local TCP Connector on port 38727" [_thread_in_native, id=11476, stack(0x000000001ab90000,0x000000001ac90000)]
  0x0000000019484000 JavaThread "Daemon health stats" [_thread_blocked, id=6656, stack(0x0000000019580000,0x0000000019680000)]
  0x00000000177da800 JavaThread "Service Thread" daemon [_thread_blocked, id=12544, stack(0x0000000017bb0000,0x0000000017cb0000)]
  0x0000000015e82800 JavaThread "C1 CompilerThread2" daemon [_thread_blocked, id=1552, stack(0x00000000176b0000,0x00000000177b0000)]
=>0x0000000015e67000 JavaThread "C2 CompilerThread1" daemon [_thread_in_native, id=9484, stack(0x00000000175b0000,0x00000000176b0000)]
  0x0000000015e5e000 JavaThread "C2 CompilerThread0" daemon [_thread_in_native, id=9668, stack(0x00000000174b0000,0x00000000175b0000)]
  0x0000000015e5c000 JavaThread "Attach Listener" daemon [_thread_blocked, id=12944, stack(0x00000000173b0000,0x00000000174b0000)]
  0x0000000015e5a800 JavaThread "Signal Dispatcher" daemon [_thread_blocked, id=2688, stack(0x00000000172b0000,0x00000000173b0000)]
  0x00000000024ea800 JavaThread "Finalizer" daemon [_thread_blocked, id=11396, stack(0x00000000170b0000,0x00000000171b0000)]
  0x00000000024e0000 JavaThread "Reference Handler" daemon [_thread_blocked, id=1572, stack(0x0000000016fb0000,0x00000000170b0000)]
  0x0000000000b3e000 JavaThread "main" [_thread_blocked, id=9284, stack(0x00000000022f0000,0x00000000023f0000)]

Other Threads:
  0x0000000015e28000 VMThread [stack: 0x0000000016eb0000,0x0000000016fb0000] [id=9864]
  0x00000000177de800 WatcherThread [stack: 0x0000000017cb0000,0x0000000017db0000] [id=8936]

VM state:not at safepoint (normal execution)

VM Mutex/Monitor currently owned by a thread: None

Heap:
 PSYoungGen      total 187392K, used 31990K [0x00000000e0000000, 0x00000000edf00000, 0x0000000100000000)
  eden space 171520K, 9% used [0x00000000e0000000,0x00000000e0fc3c50,0x00000000ea780000)
  from space 15872K, 99% used [0x00000000ebd80000,0x00000000eccf9df0,0x00000000ecd00000)
  to   space 22528K, 0% used [0x00000000ea780000,0x00000000ea780000,0x00000000ebd80000)
 ParOldGen       total 140800K, used 43435K [0x00000000a0000000, 0x00000000a8980000, 0x00000000e0000000)
  object space 140800K, 30% used [0x00000000a0000000,0x00000000a2a6ac60,0x00000000a8980000)
 Metaspace       used 71701K, capacity 74518K, committed 74624K, reserved 1114112K
  class space    used 10004K, capacity 10596K, committed 10624K, reserved 1048576K

Card table byte_map: [0x00000000118b0000,0x0000000011bc0000] byte_map_base: 0x00000000113b0000

Marking Bits: (ParMarkBitMap*) 0x0000000059bfc720
 Begin Bits: [0x00000000121c0000, 0x00000000139c0000)
 End Bits:   [0x00000000139c0000, 0x00000000151c0000)

Polling page: 0x00000000005a0000

CodeCache: size=245760Kb used=28517Kb max_used=28517Kb free=217242Kb
 bounds [0x00000000024f0000, 0x00000000040f0000, 0x00000000114f0000]
 total_blobs=9598 nmethods=8691 adapters=818
 compilation: enabled

Compilation events (10 events):
Event: 52.115 Thread 0x0000000015e82800 9906       3       com.android.tools.r8.s.a.a.b.k::<init> (5 bytes)
Event: 52.115 Thread 0x0000000015e82800 nmethod 9906 0x00000000040dfe10 code [0x00000000040dff60, 0x00000000040e0110]
Event: 52.115 Thread 0x0000000015e82800 9901       3       com.android.tools.r8.s.a.a.b.t0$a::<init> (6 bytes)
Event: 52.116 Thread 0x0000000015e82800 nmethod 9901 0x00000000040e01d0 code [0x00000000040e0360, 0x00000000040e06c8]
Event: 52.116 Thread 0x0000000015e82800 9902       3       com.android.tools.r8.s.a.a.b.t0::a (6 bytes)
Event: 52.116 Thread 0x0000000015e82800 nmethod 9902 0x00000000040e0850 code [0x00000000040e09c0, 0x00000000040e0b28]
Event: 52.116 Thread 0x0000000015e82800 9903       3       com.android.tools.r8.u.b.A0::A2 (14 bytes)
Event: 52.116 Thread 0x0000000015e82800 nmethod 9903 0x00000000040e0bd0 code [0x00000000040e0d40, 0x00000000040e1048]
Event: 52.116 Thread 0x0000000015e82800 9899       3       com.android.tools.r8.u.c.t::a (13 bytes)
Event: 52.118 Thread 0x0000000015e82800 nmethod 9899 0x00000000040e1110 code [0x00000000040e1340, 0x00000000040e1f48]

GC Heap History (10 events):
Event: 33.260 GC heap before
{Heap before GC invocations=13 (full 2):
 PSYoungGen      total 140288K, used 140273K [0x00000000e0000000, 0x00000000ea400000, 0x0000000100000000)
  eden space 128000K, 100% used [0x00000000e0000000,0x00000000e7d00000,0x00000000e7d00000)
  from space 12288K, 99% used [0x00000000e9800000,0x00000000ea3fc6b0,0x00000000ea400000)
  to   space 14848K, 0% used [0x00000000e8700000,0x00000000e8700000,0x00000000e9580000)
 ParOldGen       total 94720K, used 20025K [0x00000000a0000000, 0x00000000a5c80000, 0x00000000e0000000)
  object space 94720K, 21% used [0x00000000a0000000,0x00000000a138e5f8,0x00000000a5c80000)
 Metaspace       used 55843K, capacity 57470K, committed 57728K, reserved 1099776K
  class space    used 7880K, capacity 8244K, committed 8320K, reserved 1048576K
Event: 33.313 GC heap after
Heap after GC invocations=13 (full 2):
 PSYoungGen      total 153088K, used 14763K [0x00000000e0000000, 0x00000000eb880000, 0x0000000100000000)
  eden space 138240K, 0% used [0x00000000e0000000,0x00000000e0000000,0x00000000e8700000)
  from space 14848K, 99% used [0x00000000e8700000,0x00000000e956afe8,0x00000000e9580000)
  to   space 16384K, 0% used [0x00000000ea880000,0x00000000ea880000,0x00000000eb880000)
 ParOldGen       total 94720K, used 26045K [0x00000000a0000000, 0x00000000a5c80000, 0x00000000e0000000)
  object space 94720K, 27% used [0x00000000a0000000,0x00000000a196f640,0x00000000a5c80000)
 Metaspace       used 55843K, capacity 57470K, committed 57728K, reserved 1099776K
  class space    used 7880K, capacity 8244K, committed 8320K, reserved 1048576K
}
Event: 35.862 GC heap before
{Heap before GC invocations=14 (full 2):
 PSYoungGen      total 153088K, used 32443K [0x00000000e0000000, 0x00000000eb880000, 0x0000000100000000)
  eden space 138240K, 12% used [0x00000000e0000000,0x00000000e1143d90,0x00000000e8700000)
  from space 14848K, 99% used [0x00000000e8700000,0x00000000e956afe8,0x00000000e9580000)
  to   space 16384K, 0% used [0x00000000ea880000,0x00000000ea880000,0x00000000eb880000)
 ParOldGen       total 94720K, used 26045K [0x00000000a0000000, 0x00000000a5c80000, 0x00000000e0000000)
  object space 94720K, 27% used [0x00000000a0000000,0x00000000a196f640,0x00000000a5c80000)
 Metaspace       used 57293K, capacity 59050K, committed 59160K, reserved 1099776K
  class space    used 8125K, capacity 8524K, committed 8576K, reserved 1048576K
Event: 35.896 GC heap after
Heap after GC invocations=14 (full 2):
 PSYoungGen      total 172544K, used 9622K [0x00000000e0000000, 0x00000000ec600000, 0x0000000100000000)
  eden space 156160K, 0% used [0x00000000e0000000,0x00000000e0000000,0x00000000e9880000)
  from space 16384K, 58% used [0x00000000ea880000,0x00000000eb1e5930,0x00000000eb880000)
  to   space 16384K, 0% used [0x00000000e9880000,0x00000000e9880000,0x00000000ea880000)
 ParOldGen       total 94720K, used 26053K [0x00000000a0000000, 0x00000000a5c80000, 0x00000000e0000000)
  object space 94720K, 27% used [0x00000000a0000000,0x00000000a1971640,0x00000000a5c80000)
 Metaspace       used 57293K, capacity 59050K, committed 59160K, reserved 1099776K
  class space    used 8125K, capacity 8524K, committed 8576K, reserved 1048576K
}
Event: 35.896 GC heap before
{Heap before GC invocations=15 (full 3):
 PSYoungGen      total 172544K, used 9622K [0x00000000e0000000, 0x00000000ec600000, 0x0000000100000000)
  eden space 156160K, 0% used [0x00000000e0000000,0x00000000e0000000,0x00000000e9880000)
  from space 16384K, 58% used [0x00000000ea880000,0x00000000eb1e5930,0x00000000eb880000)
  to   space 16384K, 0% used [0x00000000e9880000,0x00000000e9880000,0x00000000ea880000)
 ParOldGen       total 94720K, used 26053K [0x00000000a0000000, 0x00000000a5c80000, 0x00000000e0000000)
  object space 94720K, 27% used [0x00000000a0000000,0x00000000a1971640,0x00000000a5c80000)
 Metaspace       used 57293K, capacity 59050K, committed 59160K, reserved 1099776K
  class space    used 8125K, capacity 8524K, committed 8576K, reserved 1048576K
Event: 36.611 GC heap after
Heap after GC invocations=15 (full 3):
 PSYoungGen      total 172544K, used 0K [0x00000000e0000000, 0x00000000ec600000, 0x0000000100000000)
  eden space 156160K, 0% used [0x00000000e0000000,0x00000000e0000000,0x00000000e9880000)
  from space 16384K, 0% used [0x00000000ea880000,0x00000000ea880000,0x00000000eb880000)
  to   space 16384K, 0% used [0x00000000e9880000,0x00000000e9880000,0x00000000ea880000)
 ParOldGen       total 140800K, used 29842K [0x00000000a0000000, 0x00000000a8980000, 0x00000000e0000000)
  object space 140800K, 21% used [0x00000000a0000000,0x00000000a1d249f8,0x00000000a8980000)
 Metaspace       used 57293K, capacity 59050K, committed 59160K, reserved 1099776K
  class space    used 8125K, capacity 8524K, committed 8576K, reserved 1048576K
}
Event: 47.560 GC heap before
{Heap before GC invocations=16 (full 3):
 PSYoungGen      total 172544K, used 156160K [0x00000000e0000000, 0x00000000ec600000, 0x0000000100000000)
  eden space 156160K, 100% used [0x00000000e0000000,0x00000000e9880000,0x00000000e9880000)
  from space 16384K, 0% used [0x00000000ea880000,0x00000000ea880000,0x00000000eb880000)
  to   space 16384K, 0% used [0x00000000e9880000,0x00000000e9880000,0x00000000ea880000)
 ParOldGen       total 140800K, used 29842K [0x00000000a0000000, 0x00000000a8980000, 0x00000000e0000000)
  object space 140800K, 21% used [0x00000000a0000000,0x00000000a1d249f8,0x00000000a8980000)
 Metaspace       used 63065K, capacity 65230K, committed 65408K, reserved 1105920K
  class space    used 8774K, capacity 9280K, committed 9344K, reserved 1048576K
Event: 47.579 GC heap after
Heap after GC invocations=16 (full 3):
 PSYoungGen      total 172544K, used 7385K [0x00000000e0000000, 0x00000000ecd00000, 0x0000000100000000)
  eden space 156160K, 0% used [0x00000000e0000000,0x00000000e0000000,0x00000000e9880000)
  from space 16384K, 45% used [0x00000000e9880000,0x00000000e9fb66a0,0x00000000ea880000)
  to   space 15872K, 0% used [0x00000000ebd80000,0x00000000ebd80000,0x00000000ecd00000)
 ParOldGen       total 140800K, used 29850K [0x00000000a0000000, 0x00000000a8980000, 0x00000000e0000000)
  object space 140800K, 21% used [0x00000000a0000000,0x00000000a1d269f8,0x00000000a8980000)
 Metaspace       used 63065K, capacity 65230K, committed 65408K, reserved 1105920K
  class space    used 8774K, capacity 9280K, committed 9344K, reserved 1048576K
}
Event: 51.561 GC heap before
{Heap before GC invocations=17 (full 3):
 PSYoungGen      total 172544K, used 163545K [0x00000000e0000000, 0x00000000ecd00000, 0x0000000100000000)
  eden space 156160K, 100% used [0x00000000e0000000,0x00000000e9880000,0x00000000e9880000)
  from space 16384K, 45% used [0x00000000e9880000,0x00000000e9fb66a0,0x00000000ea880000)
  to   space 15872K, 0% used [0x00000000ebd80000,0x00000000ebd80000,0x00000000ecd00000)
 ParOldGen       total 140800K, used 29850K [0x00000000a0000000, 0x00000000a8980000, 0x00000000e0000000)
  object space 140800K, 21% used [0x00000000a0000000,0x00000000a1d269f8,0x00000000a8980000)
 Metaspace       used 71232K, capacity 74014K, committed 74112K, reserved 1112064K
  class space    used 9959K, capacity 10570K, committed 10624K, reserved 1048576K
Event: 51.646 GC heap after
Heap after GC invocations=17 (full 3):
 PSYoungGen      total 187392K, used 15847K [0x00000000e0000000, 0x00000000edf00000, 0x0000000100000000)
  eden space 171520K, 0% used [0x00000000e0000000,0x00000000e0000000,0x00000000ea780000)
  from space 15872K, 99% used [0x00000000ebd80000,0x00000000eccf9df0,0x00000000ecd00000)
  to   space 22528K, 0% used [0x00000000ea780000,0x00000000ea780000,0x00000000ebd80000)
 ParOldGen       total 140800K, used 43435K [0x00000000a0000000, 0x00000000a8980000, 0x00000000e0000000)
  object space 140800K, 30% used [0x00000000a0000000,0x00000000a2a6ac60,0x00000000a8980000)
 Metaspace       used 71232K, capacity 74014K, committed 74112K, reserved 1112064K
  class space    used 9959K, capacity 10570K, committed 10624K, reserved 1048576K
}

Deoptimization events (10 events):
Event: 51.514 Thread 0x0000000018cc5000 Uncommon trap: reason=class_check action=maybe_recompile pc=0x0000000003f4f904 method=com.android.tools.r8.u.b.r.size()I @ 42
Event: 51.514 Thread 0x0000000018cc5000 Uncommon trap: reason=class_check action=maybe_recompile pc=0x0000000003f6aacc method=com.android.tools.r8.u.b.r.size()I @ 42
Event: 51.653 Thread 0x00000000024e0000 Uncommon trap: reason=unstable_if action=reinterpret pc=0x000000000260eeb4 method=java.lang.ref.Reference.tryHandlePending(Z)Z @ 20
Event: 51.734 Thread 0x0000000018ccc000 Uncommon trap: reason=unstable_if action=reinterpret pc=0x0000000003fd16d0 method=com.android.tools.r8.u.c.o.b(Lcom/android/tools/r8/r/n/z;)Z @ 18
Event: 51.906 Thread 0x0000000018cc5000 Uncommon trap: reason=unstable_if action=reinterpret pc=0x00000000026b7144 method=java.util.HashMap.getNode(ILjava/lang/Object;)Ljava/util/HashMap$Node; @ 84
Event: 51.906 Thread 0x0000000018cc5000 Uncommon trap: reason=unstable_if action=reinterpret pc=0x0000000002ee29d0 method=java.util.HashMap.putVal(ILjava/lang/Object;Ljava/lang/Object;ZZ)Ljava/lang/Object; @ 109
Event: 51.906 Thread 0x0000000018cc5000 Uncommon trap: reason=unstable_if action=reinterpret pc=0x0000000002d117a4 method=java.util.HashMap.getNode(ILjava/lang/Object;)Ljava/util/HashMap$Node; @ 84
Event: 51.974 Thread 0x0000000018cc5000 Uncommon trap: reason=unstable_if action=reinterpret pc=0x0000000003f175bc method=java.util.HashMap.computeIfAbsent(Ljava/lang/Object;Ljava/util/function/Function;)Ljava/lang/Object; @ 271
Event: 52.033 Thread 0x0000000018ccb000 Uncommon trap: reason=unstable_if action=reinterpret pc=0x0000000003f4de50 method=com.android.tools.r8.ir.regalloc.a.r()Z @ 9
Event: 52.035 Thread 0x0000000018ccb000 Uncommon trap: reason=unstable_if action=reinterpret pc=0x0000000003fbfef4 method=com.android.tools.r8.ir.regalloc.LinearScanRegisterAllocator.a(I)I @ 12

Internal exceptions (10 events):
Event: 48.306 Thread 0x0000000019484800 Exception <a 'java/lang/NoSuchMethodError': <clinit>> (0x00000000e0dab168) thrown at [C:\re\workspace\8-2-build-windows-amd64-cygwin\jdk8u131\8869\hotspot\src\share\vm\prims\jni.cpp, line 1613]
Event: 48.314 Thread 0x0000000019484800 Exception <a 'java/lang/NoSuchMethodError': <clinit>> (0x00000000e0dd08f0) thrown at [C:\re\workspace\8-2-build-windows-amd64-cygwin\jdk8u131\8869\hotspot\src\share\vm\prims\jni.cpp, line 1613]
Event: 48.335 Thread 0x00000000189b7800 Exception <a 'sun/nio/fs/WindowsException'> (0x00000000e146f858) thrown at [C:\re\workspace\8-2-build-windows-amd64-cygwin\jdk8u131\8869\hotspot\src\share\vm\prims\jni.cpp, line 709]
Event: 48.345 Thread 0x00000000189b7800 Exception <a 'java/lang/NoSuchMethodError': java.lang.Object.lambda$asRunnable$0(Lcom/android/tools/build/apkzlib/utils/IOExceptionRunnable;)V> (0x00000000e14c1a70) thrown at [C:\re\workspace\8-2-build-windows-amd64-cygwin\jdk8u131\8869\hotspot\src\share\
Event: 48.446 Thread 0x000000001dc0f800 Exception <a 'java/lang/NoSuchMethodError': java.lang.Object.lambda$static$0(Ljava/lang/String;)Z> (0x00000000e17d5bc8) thrown at [C:\re\workspace\8-2-build-windows-amd64-cygwin\jdk8u131\8869\hotspot\src\share\vm\interpreter\linkResolver.cpp, line 582]
Event: 48.513 Thread 0x00000000189b7800 Exception <a 'java/lang/NoSuchMethodError': java.lang.Object.newSystemTemporaryDirectory()Lcom/android/tools/build/apkzlib/bytestorage/TemporaryDirectory;> (0x00000000e1ac9680) thrown at [C:\re\workspace\8-2-build-windows-amd64-cygwin\jdk8u131\8869\hotspo
Event: 48.891 Thread 0x0000000018ccc000 Exception <a 'sun/nio/fs/WindowsException'> (0x00000000e275faa0) thrown at [C:\re\workspace\8-2-build-windows-amd64-cygwin\jdk8u131\8869\hotspot\src\share\vm\prims\jni.cpp, line 709]
Event: 48.930 Thread 0x0000000018ccb000 Exception <a 'sun/nio/fs/WindowsException'> (0x00000000e2c20fa0) thrown at [C:\re\workspace\8-2-build-windows-amd64-cygwin\jdk8u131\8869\hotspot\src\share\vm\prims\jni.cpp, line 709]
Event: 49.094 Thread 0x0000000018cc5000 Exception <a 'sun/nio/fs/WindowsException'> (0x00000000e34d3b00) thrown at [C:\re\workspace\8-2-build-windows-amd64-cygwin\jdk8u131\8869\hotspot\src\share\vm\prims\jni.cpp, line 709]
Event: 50.732 Thread 0x0000000018ccc000 Exception <a 'java/lang/NoSuchMethodError': java.lang.Object.lambda$maxBy$1(Ljava/util/Comparator;Ljava/lang/Object;Ljava/lang/Object;)Ljava/lang/Object;> (0x00000000e8153c90) thrown at [C:\re\workspace\8-2-build-windows-amd64-cygwin\jdk8u131\8869\hotspot

Events (10 events):
Event: 52.114 loading class com/google/common/hash/Hashing$ChecksumType
Event: 52.114 loading class com/google/common/hash/Hashing$ChecksumType done
Event: 52.115 loading class com/google/common/hash/ImmutableSupplier
Event: 52.115 loading class com/google/common/hash/ImmutableSupplier done
Event: 52.116 loading class com/google/common/hash/Hashing$ChecksumType$1
Event: 52.116 loading class com/google/common/hash/Hashing$ChecksumType$1 done
Event: 52.117 loading class com/google/common/hash/Hashing$ChecksumType$2
Event: 52.117 loading class com/google/common/hash/Hashing$ChecksumType$2 done
Event: 52.117 loading class com/google/common/hash/ChecksumHashFunction
Event: 52.117 loading class com/google/common/hash/ChecksumHashFunction done


Dynamic libraries:
0x00007ff772520000 - 0x00007ff772557000 	C:\Program Files\Java\jdk1.8.0_131\bin\java.exe
0x00007ffb75620000 - 0x00007ffb75810000 	C:\windows\SYSTEM32\ntdll.dll
0x00007ffb74380000 - 0x00007ffb74432000 	C:\windows\System32\KERNEL32.DLL
0x00007ffb73100000 - 0x00007ffb733a3000 	C:\windows\System32\KERNELBASE.dll
0x00007ffb752c0000 - 0x00007ffb75363000 	C:\windows\System32\ADVAPI32.dll
0x00007ffb73cd0000 - 0x00007ffb73d6e000 	C:\windows\System32\msvcrt.dll
0x00007ffb73b60000 - 0x00007ffb73bf7000 	C:\windows\System32\sechost.dll
0x00007ffb73eb0000 - 0x00007ffb73fd0000 	C:\windows\System32\RPCRT4.dll
0x00007ffb753e0000 - 0x00007ffb75574000 	C:\windows\System32\USER32.dll
0x00007ffb733b0000 - 0x00007ffb733d1000 	C:\windows\System32\win32u.dll
0x00007ffb73e80000 - 0x00007ffb73ea6000 	C:\windows\System32\GDI32.dll
0x00007ffb73530000 - 0x00007ffb736c4000 	C:\windows\System32\gdi32full.dll
0x00007ffb72610000 - 0x00007ffb726ae000 	C:\windows\System32\msvcp_win.dll
0x00007ffb73430000 - 0x00007ffb7352a000 	C:\windows\System32\ucrtbase.dll
0x00007ffb64be0000 - 0x00007ffb64e65000 	C:\windows\WinSxS\amd64_microsoft.windows.common-controls_6595b64144ccf1df_6.0.18362.720_none_e6beb5c51314836b\COMCTL32.dll
0x00007ffb74f00000 - 0x00007ffb75236000 	C:\windows\System32\combase.dll
0x00007ffb726d0000 - 0x00007ffb72750000 	C:\windows\System32\bcryptPrimitives.dll
0x00007ffb74c10000 - 0x00007ffb74c3e000 	C:\windows\System32\IMM32.DLL
0x000000005a9b0000 - 0x000000005aa82000 	C:\Program Files\Java\jdk1.8.0_131\jre\bin\msvcr100.dll
0x00000000593e0000 - 0x0000000059c7c000 	C:\Program Files\Java\jdk1.8.0_131\jre\bin\server\jvm.dll
0x00007ffb73fd0000 - 0x00007ffb73fd8000 	C:\windows\System32\PSAPI.DLL
0x00007ffb6ec80000 - 0x00007ffb6ec89000 	C:\windows\SYSTEM32\WSOCK32.dll
0x00007ffb74060000 - 0x00007ffb740cf000 	C:\windows\System32\WS2_32.dll
0x00007ffb70100000 - 0x00007ffb70124000 	C:\windows\SYSTEM32\WINMM.dll
0x00007ffb686e0000 - 0x00007ffb686ea000 	C:\windows\SYSTEM32\VERSION.dll
0x00007ffb700d0000 - 0x00007ffb700fd000 	C:\windows\SYSTEM32\WINMMBASE.dll
0x00007ffb733e0000 - 0x00007ffb7342a000 	C:\windows\System32\cfgmgr32.dll
0x00000000593d0000 - 0x00000000593df000 	C:\Program Files\Java\jdk1.8.0_131\jre\bin\verify.dll
0x00000000593a0000 - 0x00000000593c9000 	C:\Program Files\Java\jdk1.8.0_131\jre\bin\java.dll
0x0000000059380000 - 0x0000000059396000 	C:\Program Files\Java\jdk1.8.0_131\jre\bin\zip.dll
0x00007ffb74440000 - 0x00007ffb74b25000 	C:\windows\System32\SHELL32.dll
0x00007ffb74df0000 - 0x00007ffb74e99000 	C:\windows\System32\shcore.dll
0x00007ffb72750000 - 0x00007ffb72ed0000 	C:\windows\System32\windows.storage.dll
0x00007ffb72530000 - 0x00007ffb72553000 	C:\windows\System32\profapi.dll
0x00007ffb72560000 - 0x00007ffb725aa000 	C:\windows\System32\powrprof.dll
0x00007ffb724e0000 - 0x00007ffb724f0000 	C:\windows\System32\UMPDC.dll
0x00007ffb75580000 - 0x00007ffb755d2000 	C:\windows\System32\shlwapi.dll
0x00007ffb72510000 - 0x00007ffb72521000 	C:\windows\System32\kernel.appcore.dll
0x00007ffb726b0000 - 0x00007ffb726c7000 	C:\windows\System32\cryptsp.dll
0x0000000059360000 - 0x000000005937a000 	C:\Program Files\Java\jdk1.8.0_131\jre\bin\net.dll
0x00007ffb71d50000 - 0x00007ffb71db7000 	C:\windows\system32\mswsock.dll
0x0000000059340000 - 0x0000000059351000 	C:\Program Files\Java\jdk1.8.0_131\jre\bin\nio.dll
0x00007ffb6b870000 - 0x00007ffb6b896000 	C:\Users\Debdut\.gradle\native\30\windows-amd64\native-platform.dll
0x0000000059330000 - 0x000000005933d000 	C:\Program Files\Java\jdk1.8.0_131\jre\bin\management.dll
0x00007ffb718c0000 - 0x00007ffb718f3000 	C:\windows\system32\rsaenh.dll
0x00007ffb73020000 - 0x00007ffb73046000 	C:\windows\System32\bcrypt.dll
0x00007ffb723d0000 - 0x00007ffb723f5000 	C:\windows\SYSTEM32\USERENV.dll
0x00007ffb71f20000 - 0x00007ffb71f2c000 	C:\windows\SYSTEM32\CRYPTBASE.dll
0x00007ffb71a60000 - 0x00007ffb71a9a000 	C:\windows\SYSTEM32\IPHLPAPI.DLL
0x00007ffb74b30000 - 0x00007ffb74b38000 	C:\windows\System32\NSI.dll
0x00007ffb66ed0000 - 0x00007ffb66ee6000 	C:\windows\SYSTEM32\dhcpcsvc6.DLL
0x00007ffb6a260000 - 0x00007ffb6a27c000 	C:\windows\SYSTEM32\dhcpcsvc.DLL
0x00007ffb71aa0000 - 0x00007ffb71b6a000 	C:\windows\SYSTEM32\DNSAPI.dll
0x0000000059190000 - 0x0000000059328000 	C:\Program Files\Java\jdk1.8.0_131\jre\bin\awt.dll
0x00007ffb74b40000 - 0x00007ffb74c04000 	C:\windows\System32\OLEAUT32.dll
0x00007ffb70370000 - 0x00007ffb703ff000 	C:\windows\SYSTEM32\apphelp.dll
0x00007ffb70c30000 - 0x00007ffb70c5d000 	C:\windows\system32\DWMAPI.DLL
0x00007ffb70770000 - 0x00007ffb70809000 	C:\windows\system32\uxtheme.dll
0x0000000059160000 - 0x000000005918a000 	C:\Program Files\Java\jdk1.8.0_131\jre\bin\dcpr.dll

VM Arguments:
jvm_args: -Xmx1536m -Dfile.encoding=windows-1252 -Duser.country=US -Duser.language=en -Duser.variant 
java_command: org.gradle.launcher.daemon.bootstrap.GradleDaemon 5.6.4
java_class_path (initial): C:\Users\Debdut\.gradle\wrapper\dists\gradle-5.6.4-all\ankdp27end7byghfw1q2sw75f\gradle-5.6.4\lib\gradle-launcher-5.6.4.jar
Launcher Type: SUN_STANDARD

Environment Variables:
JAVA_HOME=C:\Program Files\Java\jdk1.8.0_131
PATH=C:\oracle\db18cXE\dbhomeXE\bin;;C:\Program Files (x86)\WinSCP\;C:\Program Files\PuTTY\;C:\Program Files\MySQL\MySQL Utilities 1.6\;C:\Python37\Scripts\;C:\Python37\;C:\Program Files (x86)\Eziriz\IntelliLock;C:\Program Files\Eziriz\NET Reactor;C:\ProgramData\Oracle\Java\javapath;C:\Program Files (x86)\Intel\iCLS Client\;C:\Program Files\Intel\iCLS Client\;C:\WINDOWS\system32;C:\WINDOWS;C:\WINDOWS\System32\Wbem;C:\WINDOWS\System32\WindowsPowerShell\v1.0\;C:\Program Files (x86)\NVIDIA Corporation\PhysX\Common;C:\Program Files (x86)\Intel\Intel(R) Management Engine Components\DAL;C:\Program Files\Intel\Intel(R) Management Engine Components\DAL;C:\Program Files (x86)\Intel\Intel(R) Management Engine Components\IPT;C:\Program Files\Intel\Intel(R) Management Engine Components\IPT;C:\Program Files\Microsoft\Web Platform Installer\;C:\Program Files (x86)\WinSCP\;C:\Program Files (x86)\Windows Kits\8.1\Windows Performance Toolkit\;C:\Program Files\Microsoft SQL Server\110\Tools\Binn\;C:\Go\bin;C:\Program Files (x86)\Bitvise SSH Client;C:\Program Files\PuTTY\;C:\Python27;C:\Program Files\Amazon\AWSCLI\;C:\WINDOWS\System32\OpenSSH\;C:\Program Files\SparkLabs\OpenVPN Configuration Generator\;C:\NodeJS\;C:\Users\Debdut\AppData\Local\Microsoft\WindowsApps;C:\Program Files (x86)\Nmap;C:\Program Files\Android\Android Studio\gradle\gradle-4.1\bin;C:\Users\Debdut\AppData\Roaming\npm;C:\Users\Debdut\AppData\Local\hyper\app-2.1.0\resources\bin;C:\Users\Debdut\AppData\Local\Programs\Microsoft VS Code\bin;C:\Users\Debdut\AppData\Local\Microsoft\WindowsApps;C:\msys64\usr\bin;C:\XiaoMi\XiaoMiFlash\Source\ThirdParty\Google\Android;C:\Program Files\Java\jdk1.8.0_131\bin;
USERNAME=Debdut
OS=Windows_NT
PROCESSOR_IDENTIFIER=Intel64 Family 6 Model 69 Stepping 1, GenuineIntel



---------------  S Y S T E M  ---------------

OS: Windows 10.0 , 64 bit Build 18362 (10.0.18362.329)

CPU:total 4 (initial active 4) (2 cores per cpu, 2 threads per core) family 6 model 69 stepping 1, cmov, cx8, fxsr, mmx, sse, sse2, sse3, ssse3, sse4.1, sse4.2, popcnt, avx, avx2, aes, clmul, erms, lzcnt, ht, tsc, tscinvbit, bmi1, bmi2

Memory: 4k page, physical 8290116k(411648k free), swap 10242884k(5148k free)

vm_info: Java HotSpot(TM) 64-Bit Server VM (25.131-b11) for windows-amd64 JRE (1.8.0_131-b11), built on Mar 15 2017 01:23:53 by "java_re" with MS VC++ 10.0 (VS2010)

time: Thu Apr 09 18:29:56 2020
elapsed time: 52 seconds (0d 0h 0m 52s)

