#
# There is insufficient memory for the Java Runtime Environment to continue.
# Native memory allocation (malloc) failed to allocate 291856 bytes for Chunk::new
# Possible reasons:
#   The system is out of physical RAM or swap space
#   In 32 bit mode, the process size limit was hit
# Possible solutions:
#   Reduce memory load on the system
#   Increase physical memory or swap space
#   Check if swap backing store is full
#   Use 64 bit Java on a 64 bit OS
#   Decrease Java heap size (-Xmx/-Xms)
#   Decrease number of Java threads
#   Decrease Java thread stack sizes (-Xss)
#   Set larger code cache with -XX:ReservedCodeCacheSize=
# This output file may be truncated or incomplete.
#
#  Out of Memory Error (allocation.cpp:390), pid=10040, tid=0x000000000000242c
#
# JRE version: Java(TM) SE Runtime Environment (8.0_131-b11) (build 1.8.0_131-b11)
# Java VM: Java HotSpot(TM) 64-Bit Server VM (25.131-b11 mixed mode windows-amd64 compressed oops)
# Failed to write core dump. Minidumps are not enabled by default on client versions of Windows
#

---------------  T H R E A D  ---------------

Current thread (0x000000001602f800):  JavaThread "C2 CompilerThread0" daemon [_thread_in_native, id=9260, stack(0x0000000017690000,0x0000000017790000)]

Stack: [0x0000000017690000,0x0000000017790000]
[error occurred during error reporting (printing stack bounds), id 0xc0000005]

Native frames: (J=compiled Java code, j=interpreted, Vv=VM code, C=native code)


Current CompileTask:
C2: 408761 12826       4       com.android.utils.XmlUtils::append (639 bytes)


---------------  P R O C E S S  ---------------

Java Threads: ( => current thread )
  0x000000001b34c800 JavaThread "pool-7-thread-1" [_thread_blocked, id=9804, stack(0x00000000256e0000,0x00000000257e0000)]
  0x000000001b34e000 JavaThread "Java2D Disposer" daemon [_thread_blocked, id=13068, stack(0x0000000025260000,0x0000000025360000)]
  0x000000001b34e800 JavaThread "WorkerExecutor Queue Thread 4" [_thread_blocked, id=11216, stack(0x0000000025060000,0x0000000025160000)]
  0x000000001b34d000 JavaThread "WorkerExecutor Queue Thread 3" [_thread_blocked, id=1476, stack(0x0000000024f60000,0x0000000025060000)]
  0x00000000183b3000 JavaThread "WorkerExecutor Queue Thread 2" [_thread_in_Java, id=3292, stack(0x0000000024e60000,0x0000000024f60000)]
  0x000000001bac4800 JavaThread "WorkerExecutor Queue" [_thread_in_native, id=6692, stack(0x0000000024b60000,0x0000000024c60000)]
  0x000000001bac7000 JavaThread "Cache worker for execution history cache (C:\Users\Debdut\AndroidStudioProjects\BasicCurrencyConverter\.gradle\5.6.4\executionHistory)" [_thread_blocked, id=1064, stack(0x00000000245e0000,0x00000000246e0000)]
  0x000000001bac3000 JavaThread "Execution worker for ':' Thread 3" [_thread_in_native, id=5844, stack(0x00000000244e0000,0x00000000245e0000)]
  0x000000001bac9000 JavaThread "Execution worker for ':' Thread 2" [_thread_blocked, id=4664, stack(0x00000000241e0000,0x00000000242e0000)]
  0x000000001bac4000 JavaThread "Execution worker for ':'" [_thread_blocked, id=9524, stack(0x00000000240e0000,0x00000000241e0000)]
  0x000000001bac6000 JavaThread "Cache worker for file content cache (C:\Users\Debdut\AndroidStudioProjects\BasicCurrencyConverter\.gradle\5.6.4\fileContent)" [_thread_blocked, id=9324, stack(0x0000000022be0000,0x0000000022ce0000)]
  0x000000001bac8800 JavaThread "Cache worker for Build Output Cleanup Cache (C:\Users\Debdut\AndroidStudioProjects\BasicCurrencyConverter\.gradle\buildOutputCleanup)" [_thread_blocked, id=3024, stack(0x0000000021fe0000,0x00000000220e0000)]
  0x000000001babc800 JavaThread "Build operations Thread 4" [_thread_blocked, id=10652, stack(0x0000000020670000,0x0000000020770000)]
  0x000000001bac2800 JavaThread "Build operations Thread 3" [_thread_blocked, id=9800, stack(0x0000000020570000,0x0000000020670000)]
  0x000000001bac1800 JavaThread "Build operations Thread 2" [_thread_blocked, id=5028, stack(0x000000001e6b0000,0x000000001e7b0000)]
  0x000000001baba000 JavaThread "Build operations" [_thread_blocked, id=9640, stack(0x000000001e2d0000,0x000000001e3d0000)]
  0x000000001babb800 JavaThread "Cache worker for cache directory md-rule (C:\Users\Debdut\.gradle\caches\5.6.4\md-rule)" [_thread_blocked, id=9528, stack(0x000000001bfb0000,0x000000001c0b0000)]
  0x000000001babb000 JavaThread "Cache worker for cache directory md-supplier (C:\Users\Debdut\.gradle\caches\5.6.4\md-supplier)" [_thread_blocked, id=12916, stack(0x000000001a8e0000,0x000000001a9e0000)]
  0x000000001babe000 JavaThread "Cache worker for file hash cache (C:\Users\Debdut\AndroidStudioProjects\BasicCurrencyConverter\.gradle\5.6.4\fileHashes)" [_thread_blocked, id=12852, stack(0x000000001a7e0000,0x000000001a8e0000)]
  0x000000001bac1000 JavaThread "Thread-51" [_thread_blocked, id=4400, stack(0x000000001a6e0000,0x000000001a7e0000)]
  0x00000000183ae800 JavaThread "Stdin handler" [_thread_blocked, id=12136, stack(0x000000001a5e0000,0x000000001a6e0000)]
  0x00000000183ad000 JavaThread "Asynchronous log dispatcher for DefaultDaemonConnection: socket connection from /127.0.0.1:38625 to /127.0.0.1:38698" [_thread_blocked, id=10136, stack(0x000000001a4e0000,0x000000001a5e0000)]
  0x00000000183b3800 JavaThread "Cancel handler" [_thread_blocked, id=12848, stack(0x000000001a0e0000,0x000000001a1e0000)]
  0x00000000183b1800 JavaThread "Handler for socket connection from /127.0.0.1:38625 to /127.0.0.1:38698" [_thread_in_native, id=3332, stack(0x0000000000b50000,0x0000000000c50000)]
  0x000000001babd000 JavaThread "Daemon worker Thread 2" [_thread_blocked, id=8896, stack(0x000000001a1e0000,0x000000001a2e0000)]
  0x000000001bac0000 JavaThread "Daemon Thread 2" [_thread_blocked, id=3796, stack(0x0000000000a50000,0x0000000000b50000)]
  0x000000001babf800 JavaThread "Cache worker for file content cache (C:\Users\Debdut\.gradle\caches\5.6.4\fileContent)" [_thread_blocked, id=932, stack(0x0000000022ae0000,0x0000000022be0000)]
  0x000000001babe800 JavaThread "Memory manager" [_thread_blocked, id=13260, stack(0x0000000000950000,0x0000000000a50000)]
  0x00000000183ad800 JavaThread "Cache worker for execution history cache (C:\Users\Debdut\.gradle\caches\5.6.4\executionHistory)" [_thread_blocked, id=13048, stack(0x0000000020270000,0x0000000020370000)]
  0x00000000183b0000 JavaThread "Cache worker for journal cache (C:\Users\Debdut\.gradle\caches\journal-1)" [_thread_blocked, id=4940, stack(0x000000001ade0000,0x000000001aee0000)]
  0x00000000183b2000 JavaThread "File lock request listener" [_thread_in_native, id=11252, stack(0x000000001ace0000,0x000000001ade0000)]
  0x00000000183af000 JavaThread "Cache worker for file hash cache (C:\Users\Debdut\.gradle\caches\5.6.4\fileHashes)" [_thread_blocked, id=12588, stack(0x000000001abe0000,0x000000001ace0000)]
  0x0000000017a8a800 JavaThread "Daemon periodic checks" [_thread_blocked, id=12076, stack(0x0000000019fe0000,0x000000001a0e0000)]
  0x000000001850d000 JavaThread "Incoming local TCP Connector on port 38625" [_thread_in_native, id=9120, stack(0x0000000019da0000,0x0000000019ea0000)]
  0x00000000196ba800 JavaThread "Daemon health stats" [_thread_blocked, id=6228, stack(0x0000000019760000,0x0000000019860000)]
  0x00000000179b8800 JavaThread "Service Thread" daemon [_thread_blocked, id=3672, stack(0x0000000017d90000,0x0000000017e90000)]
  0x000000001603b800 JavaThread "C1 CompilerThread2" daemon [_thread_blocked, id=7840, stack(0x0000000017890000,0x0000000017990000)]
  0x0000000016034800 JavaThread "C2 CompilerThread1" daemon [_thread_in_native, id=9200, stack(0x0000000017790000,0x0000000017890000)]
=>0x000000001602f800 JavaThread "C2 CompilerThread0" daemon [_thread_in_native, id=9260, stack(0x0000000017690000,0x0000000017790000)]
  0x000000001602e000 JavaThread "Attach Listener" daemon [_thread_blocked, id=2724, stack(0x0000000017590000,0x0000000017690000)]
  0x000000001602a800 JavaThread "Signal Dispatcher" daemon [_thread_blocked, id=10644, stack(0x0000000017490000,0x0000000017590000)]
  0x000000001601a800 JavaThread "Finalizer" daemon [_thread_blocked, id=12300, stack(0x0000000017290000,0x0000000017390000)]
  0x00000000026b0000 JavaThread "Reference Handler" daemon [_thread_blocked, id=8632, stack(0x0000000017190000,0x0000000017290000)]
  0x00000000025be000 JavaThread "main" [_thread_blocked, id=5172, stack(0x0000000002410000,0x0000000002510000)]

Other Threads:
  0x0000000015ff8000 VMThread [stack: 0x0000000017090000,0x0000000017190000] [id=8556]
  0x00000000179cc000 WatcherThread [stack: 0x0000000017e90000,0x0000000017f90000] [id=11224]

VM state:not at safepoint (normal execution)

VM Mutex/Monitor currently owned by a thread: None

Heap:
 PSYoungGen      total 249344K, used 109284K [0x00000000e0000000, 0x00000000f2880000, 0x0000000100000000)
  eden space 216064K, 45% used [0x00000000e0000000,0x00000000e5f0fc28,0x00000000ed300000)
  from space 33280K, 35% used [0x00000000ed300000,0x00000000edea9498,0x00000000ef380000)
  to   space 31744K, 0% used [0x00000000f0980000,0x00000000f0980000,0x00000000f2880000)
 ParOldGen       total 131584K, used 65471K [0x00000000a0000000, 0x00000000a8080000, 0x00000000e0000000)
  object space 131584K, 49% used [0x00000000a0000000,0x00000000a3fefc90,0x00000000a8080000)
 Metaspace       used 83954K, capacity 87722K, committed 87808K, reserved 1124352K
  class space    used 11262K, capacity 11987K, committed 12032K, reserved 1048576K

Card table byte_map: [0x0000000011a80000,0x0000000011d90000] byte_map_base: 0x0000000011580000

Marking Bits: (ParMarkBitMap*) 0x0000000059bfc720
 Begin Bits: [0x0000000012390000, 0x0000000013b90000)
 End Bits:   [0x0000000013b90000, 0x0000000015390000)

Polling page: 0x0000000000710000

CodeCache: size=245760Kb used=36827Kb max_used=36827Kb free=208933Kb
 bounds [0x00000000026c0000, 0x0000000004af0000, 0x00000000116c0000]
 total_blobs=11903 nmethods=10956 adapters=858
 compilation: enabled

Compilation events (10 events):
Event: 408.706 Thread 0x000000001603b800 12855       3       org.gradle.internal.instantiation.AbstractClassGenerator::generate (58 bytes)
Event: 408.707 Thread 0x000000001603b800 nmethod 12855 0x0000000004adc250 code [0x0000000004adc420, 0x0000000004adcde8]
Event: 408.707 Thread 0x000000001603b800 12858       3       com.sun.jmx.interceptor.DefaultMBeanServerInterceptor::nonDefaultDomain (43 bytes)
Event: 408.709 Thread 0x000000001603b800 nmethod 12858 0x0000000004add150 code [0x0000000004add3a0, 0x0000000004ade228]
Event: 408.711 Thread 0x000000001603b800 12860       3       java.io.ObjectInputStream::defaultReadObject (87 bytes)
Event: 408.714 Thread 0x000000001603b800 nmethod 12860 0x0000000004ade990 code [0x0000000004adebc0, 0x0000000004adf678]
Event: 408.736 Thread 0x000000001603b800 12861       3       java.util.concurrent.atomic.AtomicReference::set (6 bytes)
Event: 408.736 Thread 0x000000001603b800 nmethod 12861 0x0000000004ab8f50 code [0x0000000004ab90a0, 0x0000000004ab9210]
Event: 408.751 Thread 0x000000001603b800 12863       3       java.util.HashMap::readObject (253 bytes)
Event: 408.755 Thread 0x000000001603b800 nmethod 12863 0x0000000004adfd10 code [0x0000000004ae00e0, 0x0000000004ae1f18]

GC Heap History (10 events):
Event: 42.649 GC heap before
{Heap before GC invocations=16 (full 3):
 PSYoungGen      total 185344K, used 166400K [0x00000000e0000000, 0x00000000ee780000, 0x0000000100000000)
  eden space 166400K, 100% used [0x00000000e0000000,0x00000000ea280000,0x00000000ea280000)
  from space 18944K, 0% used [0x00000000eb580000,0x00000000eb580000,0x00000000ec800000)
  to   space 19456K, 0% used [0x00000000ea280000,0x00000000ea280000,0x00000000eb580000)
 ParOldGen       total 131584K, used 29282K [0x00000000a0000000, 0x00000000a8080000, 0x00000000e0000000)
  object space 131584K, 22% used [0x00000000a0000000,0x00000000a1c98a70,0x00000000a8080000)
 Metaspace       used 63732K, capacity 66046K, committed 66304K, reserved 1105920K
  class space    used 8895K, capacity 9406K, committed 9472K, reserved 1048576K
Event: 42.681 GC heap after
Heap after GC invocations=16 (full 3):
 PSYoungGen      total 185856K, used 17815K [0x00000000e0000000, 0x00000000eed80000, 0x0000000100000000)
  eden space 166400K, 0% used [0x00000000e0000000,0x00000000e0000000,0x00000000ea280000)
  from space 19456K, 91% used [0x00000000ea280000,0x00000000eb3e5f90,0x00000000eb580000)
  to   space 22016K, 0% used [0x00000000ed800000,0x00000000ed800000,0x00000000eed80000)
 ParOldGen       total 131584K, used 29290K [0x00000000a0000000, 0x00000000a8080000, 0x00000000e0000000)
  object space 131584K, 22% used [0x00000000a0000000,0x00000000a1c9aa70,0x00000000a8080000)
 Metaspace       used 63732K, capacity 66046K, committed 66304K, reserved 1105920K
  class space    used 8895K, capacity 9406K, committed 9472K, reserved 1048576K
}
Event: 322.464 GC heap before
{Heap before GC invocations=17 (full 3):
 PSYoungGen      total 185856K, used 184215K [0x00000000e0000000, 0x00000000eed80000, 0x0000000100000000)
  eden space 166400K, 100% used [0x00000000e0000000,0x00000000ea280000,0x00000000ea280000)
  from space 19456K, 91% used [0x00000000ea280000,0x00000000eb3e5f90,0x00000000eb580000)
  to   space 22016K, 0% used [0x00000000ed800000,0x00000000ed800000,0x00000000eed80000)
 ParOldGen       total 131584K, used 29290K [0x00000000a0000000, 0x00000000a8080000, 0x00000000e0000000)
  object space 131584K, 22% used [0x00000000a0000000,0x00000000a1c9aa70,0x00000000a8080000)
 Metaspace       used 71887K, capacity 74792K, committed 75136K, reserved 1114112K
  class space    used 9885K, capacity 10503K, committed 10624K, reserved 1048576K
Event: 322.529 GC heap after
Heap after GC invocations=17 (full 3):
 PSYoungGen      total 215040K, used 21997K [0x00000000e0000000, 0x00000000eee80000, 0x0000000100000000)
  eden space 193024K, 0% used [0x00000000e0000000,0x00000000e0000000,0x00000000ebc80000)
  from space 22016K, 99% used [0x00000000ed800000,0x00000000eed7b6b8,0x00000000eed80000)
  to   space 25600K, 0% used [0x00000000ebc80000,0x00000000ebc80000,0x00000000ed580000)
 ParOldGen       total 131584K, used 30117K [0x00000000a0000000, 0x00000000a8080000, 0x00000000e0000000)
  object space 131584K, 22% used [0x00000000a0000000,0x00000000a1d69498,0x00000000a8080000)
 Metaspace       used 71887K, capacity 74792K, committed 75136K, reserved 1114112K
  class space    used 9885K, capacity 10503K, committed 10624K, reserved 1048576K
}
Event: 334.398 GC heap before
{Heap before GC invocations=18 (full 3):
 PSYoungGen      total 215040K, used 215021K [0x00000000e0000000, 0x00000000eee80000, 0x0000000100000000)
  eden space 193024K, 100% used [0x00000000e0000000,0x00000000ebc80000,0x00000000ebc80000)
  from space 22016K, 99% used [0x00000000ed800000,0x00000000eed7b6b8,0x00000000eed80000)
  to   space 25600K, 0% used [0x00000000ebc80000,0x00000000ebc80000,0x00000000ed580000)
 ParOldGen       total 131584K, used 30117K [0x00000000a0000000, 0x00000000a8080000, 0x00000000e0000000)
  object space 131584K, 22% used [0x00000000a0000000,0x00000000a1d69498,0x00000000a8080000)
 Metaspace       used 78448K, capacity 81858K, committed 82176K, reserved 1120256K
  class space    used 10692K, capacity 11409K, committed 11520K, reserved 1048576K
Event: 334.522 GC heap after
Heap after GC invocations=18 (full 3):
 PSYoungGen      total 218624K, used 15938K [0x00000000e0000000, 0x00000000f0d00000, 0x0000000100000000)
  eden space 193024K, 0% used [0x00000000e0000000,0x00000000e0000000,0x00000000ebc80000)
  from space 25600K, 62% used [0x00000000ebc80000,0x00000000ecc10a98,0x00000000ed580000)
  to   space 26112K, 0% used [0x00000000ef380000,0x00000000ef380000,0x00000000f0d00000)
 ParOldGen       total 131584K, used 45347K [0x00000000a0000000, 0x00000000a8080000, 0x00000000e0000000)
  object space 131584K, 34% used [0x00000000a0000000,0x00000000a2c48c00,0x00000000a8080000)
 Metaspace       used 78448K, capacity 81858K, committed 82176K, reserved 1120256K
  class space    used 10692K, capacity 11409K, committed 11520K, reserved 1048576K
}
Event: 338.590 GC heap before
{Heap before GC invocations=19 (full 3):
 PSYoungGen      total 218624K, used 208962K [0x00000000e0000000, 0x00000000f0d00000, 0x0000000100000000)
  eden space 193024K, 100% used [0x00000000e0000000,0x00000000ebc80000,0x00000000ebc80000)
  from space 25600K, 62% used [0x00000000ebc80000,0x00000000ecc10a98,0x00000000ed580000)
  to   space 26112K, 0% used [0x00000000ef380000,0x00000000ef380000,0x00000000f0d00000)
 ParOldGen       total 131584K, used 45347K [0x00000000a0000000, 0x00000000a8080000, 0x00000000e0000000)
  object space 131584K, 34% used [0x00000000a0000000,0x00000000a2c48c00,0x00000000a8080000)
 Metaspace       used 78944K, capacity 82350K, committed 82432K, reserved 1120256K
  class space    used 10718K, capacity 11443K, committed 11520K, reserved 1048576K
Event: 338.731 GC heap after
Heap after GC invocations=19 (full 3):
 PSYoungGen      total 242176K, used 26084K [0x00000000e0000000, 0x00000000f2380000, 0x0000000100000000)
  eden space 216064K, 0% used [0x00000000e0000000,0x00000000e0000000,0x00000000ed300000)
  from space 26112K, 99% used [0x00000000ef380000,0x00000000f0cf91d0,0x00000000f0d00000)
  to   space 33280K, 0% used [0x00000000ed300000,0x00000000ed300000,0x00000000ef380000)
 ParOldGen       total 131584K, used 54354K [0x00000000a0000000, 0x00000000a8080000, 0x00000000e0000000)
  object space 131584K, 41% used [0x00000000a0000000,0x00000000a35149c0,0x00000000a8080000)
 Metaspace       used 78944K, capacity 82350K, committed 82432K, reserved 1120256K
  class space    used 10718K, capacity 11443K, committed 11520K, reserved 1048576K
}
Event: 402.253 GC heap before
{Heap before GC invocations=20 (full 3):
 PSYoungGen      total 242176K, used 242148K [0x00000000e0000000, 0x00000000f2380000, 0x0000000100000000)
  eden space 216064K, 100% used [0x00000000e0000000,0x00000000ed300000,0x00000000ed300000)
  from space 26112K, 99% used [0x00000000ef380000,0x00000000f0cf91d0,0x00000000f0d00000)
  to   space 33280K, 0% used [0x00000000ed300000,0x00000000ed300000,0x00000000ef380000)
 ParOldGen       total 131584K, used 54354K [0x00000000a0000000, 0x00000000a8080000, 0x00000000e0000000)
  object space 131584K, 41% used [0x00000000a0000000,0x00000000a35149c0,0x00000000a8080000)
 Metaspace       used 80913K, capacity 84580K, committed 84736K, reserved 1122304K
  class space    used 10948K, capacity 11658K, committed 11776K, reserved 1048576K
Event: 402.317 GC heap after
Heap after GC invocations=20 (full 3):
 PSYoungGen      total 249344K, used 11941K [0x00000000e0000000, 0x00000000f2880000, 0x0000000100000000)
  eden space 216064K, 0% used [0x00000000e0000000,0x00000000e0000000,0x00000000ed300000)
  from space 33280K, 35% used [0x00000000ed300000,0x00000000edea9498,0x00000000ef380000)
  to   space 31744K, 0% used [0x00000000f0980000,0x00000000f0980000,0x00000000f2880000)
 ParOldGen       total 131584K, used 65471K [0x00000000a0000000, 0x00000000a8080000, 0x00000000e0000000)
  object space 131584K, 49% used [0x00000000a0000000,0x00000000a3fefc90,0x00000000a8080000)
 Metaspace       used 80913K, capacity 84580K, committed 84736K, reserved 1122304K
  class space    used 10948K, capacity 11658K, committed 11776K, reserved 1048576K
}

Deoptimization events (10 events):
Event: 407.878 Thread 0x000000001bac9000 Uncommon trap: reason=bimorphic action=maybe_recompile pc=0x00000000049ac0dc method=com.sun.org.apache.xerces.internal.dom.ParentNode.checkNormalizationAfterInsert(Lcom/sun/org/apache/xerces/internal/dom/ChildNode;)V @ 23
Event: 407.878 Thread 0x000000001bac9000 Uncommon trap: reason=bimorphic action=maybe_recompile pc=0x00000000049ac0dc method=com.sun.org.apache.xerces.internal.dom.ParentNode.checkNormalizationAfterInsert(Lcom/sun/org/apache/xerces/internal/dom/ChildNode;)V @ 23
Event: 407.878 Thread 0x000000001bac9000 Uncommon trap: reason=bimorphic action=maybe_recompile pc=0x00000000049ac0dc method=com.sun.org.apache.xerces.internal.dom.ParentNode.checkNormalizationAfterInsert(Lcom/sun/org/apache/xerces/internal/dom/ChildNode;)V @ 23
Event: 407.903 Thread 0x000000001bac9000 Uncommon trap: reason=unstable_if action=reinterpret pc=0x0000000004ab0d14 method=com.sun.org.apache.xerces.internal.dom.ParentNode.checkNormalizationAfterInsert(Lcom/sun/org/apache/xerces/internal/dom/ChildNode;)V @ 27
Event: 407.914 Thread 0x000000001bac9000 Uncommon trap: reason=class_check action=maybe_recompile pc=0x00000000049bd1b0 method=com.sun.org.apache.xerces.internal.dom.ElementImpl.getAttributes()Lorg/w3c/dom/NamedNodeMap; @ 8
Event: 407.933 Thread 0x000000001bac9000 Uncommon trap: reason=class_check action=maybe_recompile pc=0x00000000049bd1b0 method=com.sun.org.apache.xerces.internal.dom.ElementImpl.getAttributes()Lorg/w3c/dom/NamedNodeMap; @ 8
Event: 407.934 Thread 0x000000001bac9000 Uncommon trap: reason=class_check action=maybe_recompile pc=0x00000000049bd1b0 method=com.sun.org.apache.xerces.internal.dom.ElementImpl.getAttributes()Lorg/w3c/dom/NamedNodeMap; @ 8
Event: 407.934 Thread 0x000000001bac9000 Uncommon trap: reason=class_check action=maybe_recompile pc=0x00000000049bd1b0 method=com.sun.org.apache.xerces.internal.dom.ElementImpl.getAttributes()Lorg/w3c/dom/NamedNodeMap; @ 8
Event: 407.964 Thread 0x000000001bac9000 Uncommon trap: reason=unstable_if action=reinterpret pc=0x00000000049cdc28 method=com.android.utils.XmlUtils.toXmlAttributeValue(Ljava/lang/String;)Ljava/lang/String; @ 33
Event: 408.634 Thread 0x000000001bac9000 Uncommon trap: reason=array_check action=maybe_recompile pc=0x00000000049880e0 method=java.util.TimSort.reverseRange([Ljava/lang/Object;II)V @ 27

Internal exceptions (10 events):
Event: 405.538 Thread 0x000000001bac9000 Exception <a 'java/lang/NoSuchMethodError': <clinit>> (0x00000000e386f458) thrown at [C:\re\workspace\8-2-build-windows-amd64-cygwin\jdk8u131\8869\hotspot\src\share\vm\prims\jni.cpp, line 1613]
Event: 405.543 Thread 0x000000001bac9000 Exception <a 'java/lang/NoSuchMethodError': <clinit>> (0x00000000e388c7c8) thrown at [C:\re\workspace\8-2-build-windows-amd64-cygwin\jdk8u131\8869\hotspot\src\share\vm\prims\jni.cpp, line 1613]
Event: 405.546 Thread 0x000000001bac9000 Exception <a 'java/lang/NoSuchMethodError': <clinit>> (0x00000000e389fe00) thrown at [C:\re\workspace\8-2-build-windows-amd64-cygwin\jdk8u131\8869\hotspot\src\share\vm\prims\jni.cpp, line 1613]
Event: 405.790 Thread 0x000000001bac9000 Implicit null exception at 0x0000000002afbf6f to 0x0000000002afc609
Event: 405.900 Thread 0x000000001b34e800 Exception <a 'java/io/FileNotFoundException'> (0x00000000e3cdc590) thrown at [C:\re\workspace\8-2-build-windows-amd64-cygwin\jdk8u131\8869\hotspot\src\share\vm\prims\jni.cpp, line 709]
Event: 405.923 Thread 0x000000001bac9000 Implicit null exception at 0x00000000049a6a17 to 0x00000000049a6d5d
Event: 406.075 Thread 0x000000001b34e800 Exception <a 'java/io/FileNotFoundException'> (0x00000000e40f8260) thrown at [C:\re\workspace\8-2-build-windows-amd64-cygwin\jdk8u131\8869\hotspot\src\share\vm\prims\jni.cpp, line 709]
Event: 407.128 Thread 0x000000001bac9000 Implicit null exception at 0x0000000004a642cc to 0x0000000004a68379
Event: 408.634 Thread 0x000000001bac9000 Exception <a 'java/lang/NoSuchMethodError': <clinit>> (0x00000000e5a192d0) thrown at [C:\re\workspace\8-2-build-windows-amd64-cygwin\jdk8u131\8869\hotspot\src\share\vm\prims\jni.cpp, line 1613]
Event: 408.644 Thread 0x000000001bac9000 Exception <a 'java/lang/NoSuchMethodError': <clinit>> (0x00000000e5a2e090) thrown at [C:\re\workspace\8-2-build-windows-amd64-cygwin\jdk8u131\8869\hotspot\src\share\vm\prims\jni.cpp, line 1613]

Events (10 events):
Event: 408.634 Thread 0x000000001bac9000 DEOPT UNPACKING pc=0x000000000270582a sp=0x00000000242d99e0 mode 2
Event: 408.705 loading class com/android/build/gradle/internal/res/Aapt2CompileRunnable$run$1
Event: 408.705 loading class com/android/build/gradle/internal/res/Aapt2CompileRunnable$run$1 done
Event: 408.716 Executing VM operation: RevokeBias
Event: 408.734 Executing VM operation: RevokeBias done
Event: 408.737 Thread 0x000000001b34c800 Thread added: 0x000000001b34c800
Event: 408.739 Executing VM operation: RevokeBias
Event: 408.747 Executing VM operation: RevokeBias done
Event: 408.748 Executing VM operation: RevokeBias
Event: 408.750 Executing VM operation: RevokeBias done


Dynamic libraries:
0x00007ff772520000 - 0x00007ff772557000 	C:\Program Files\Java\jdk1.8.0_131\bin\java.exe
0x00007ffb75620000 - 0x00007ffb75810000 	C:\windows\SYSTEM32\ntdll.dll
0x00007ffb74380000 - 0x00007ffb74432000 	C:\windows\System32\KERNEL32.DLL
0x00007ffb73100000 - 0x00007ffb733a3000 	C:\windows\System32\KERNELBASE.dll
0x00007ffb752c0000 - 0x00007ffb75363000 	C:\windows\System32\ADVAPI32.dll
0x00007ffb73cd0000 - 0x00007ffb73d6e000 	C:\windows\System32\msvcrt.dll
0x00007ffb73b60000 - 0x00007ffb73bf7000 	C:\windows\System32\sechost.dll
0x00007ffb73eb0000 - 0x00007ffb73fd0000 	C:\windows\System32\RPCRT4.dll
0x00007ffb753e0000 - 0x00007ffb75574000 	C:\windows\System32\USER32.dll
0x00007ffb733b0000 - 0x00007ffb733d1000 	C:\windows\System32\win32u.dll
0x00007ffb73e80000 - 0x00007ffb73ea6000 	C:\windows\System32\GDI32.dll
0x00007ffb73530000 - 0x00007ffb736c4000 	C:\windows\System32\gdi32full.dll
0x00007ffb72610000 - 0x00007ffb726ae000 	C:\windows\System32\msvcp_win.dll
0x00007ffb73430000 - 0x00007ffb7352a000 	C:\windows\System32\ucrtbase.dll
0x00007ffb64be0000 - 0x00007ffb64e65000 	C:\windows\WinSxS\amd64_microsoft.windows.common-controls_6595b64144ccf1df_6.0.18362.720_none_e6beb5c51314836b\COMCTL32.dll
0x00007ffb74f00000 - 0x00007ffb75236000 	C:\windows\System32\combase.dll
0x00007ffb726d0000 - 0x00007ffb72750000 	C:\windows\System32\bcryptPrimitives.dll
0x00007ffb74c10000 - 0x00007ffb74c3e000 	C:\windows\System32\IMM32.DLL
0x000000005a9b0000 - 0x000000005aa82000 	C:\Program Files\Java\jdk1.8.0_131\jre\bin\msvcr100.dll
0x00000000593e0000 - 0x0000000059c7c000 	C:\Program Files\Java\jdk1.8.0_131\jre\bin\server\jvm.dll
0x00007ffb73fd0000 - 0x00007ffb73fd8000 	C:\windows\System32\PSAPI.DLL
0x00007ffb70100000 - 0x00007ffb70124000 	C:\windows\SYSTEM32\WINMM.dll
0x00007ffb6ec80000 - 0x00007ffb6ec89000 	C:\windows\SYSTEM32\WSOCK32.dll
0x00007ffb686e0000 - 0x00007ffb686ea000 	C:\windows\SYSTEM32\VERSION.dll
0x00007ffb74060000 - 0x00007ffb740cf000 	C:\windows\System32\WS2_32.dll
0x00007ffb700d0000 - 0x00007ffb700fd000 	C:\windows\SYSTEM32\WINMMBASE.dll
0x00007ffb733e0000 - 0x00007ffb7342a000 	C:\windows\System32\cfgmgr32.dll
0x00000000593d0000 - 0x00000000593df000 	C:\Program Files\Java\jdk1.8.0_131\jre\bin\verify.dll
0x00000000593a0000 - 0x00000000593c9000 	C:\Program Files\Java\jdk1.8.0_131\jre\bin\java.dll
0x0000000059380000 - 0x0000000059396000 	C:\Program Files\Java\jdk1.8.0_131\jre\bin\zip.dll
0x00007ffb74440000 - 0x00007ffb74b25000 	C:\windows\System32\SHELL32.dll
0x00007ffb74df0000 - 0x00007ffb74e99000 	C:\windows\System32\shcore.dll
0x00007ffb72750000 - 0x00007ffb72ed0000 	C:\windows\System32\windows.storage.dll
0x00007ffb72530000 - 0x00007ffb72553000 	C:\windows\System32\profapi.dll
0x00007ffb72560000 - 0x00007ffb725aa000 	C:\windows\System32\powrprof.dll
0x00007ffb724e0000 - 0x00007ffb724f0000 	C:\windows\System32\UMPDC.dll
0x00007ffb75580000 - 0x00007ffb755d2000 	C:\windows\System32\shlwapi.dll
0x00007ffb72510000 - 0x00007ffb72521000 	C:\windows\System32\kernel.appcore.dll
0x00007ffb726b0000 - 0x00007ffb726c7000 	C:\windows\System32\cryptsp.dll
0x0000000059360000 - 0x000000005937a000 	C:\Program Files\Java\jdk1.8.0_131\jre\bin\net.dll
0x00007ffb71d50000 - 0x00007ffb71db7000 	C:\windows\system32\mswsock.dll
0x0000000059340000 - 0x0000000059351000 	C:\Program Files\Java\jdk1.8.0_131\jre\bin\nio.dll
0x00007ffb6b870000 - 0x00007ffb6b896000 	C:\Users\Debdut\.gradle\native\30\windows-amd64\native-platform.dll
0x0000000059330000 - 0x000000005933d000 	C:\Program Files\Java\jdk1.8.0_131\jre\bin\management.dll
0x00007ffb718c0000 - 0x00007ffb718f3000 	C:\windows\system32\rsaenh.dll
0x00007ffb73020000 - 0x00007ffb73046000 	C:\windows\System32\bcrypt.dll
0x00007ffb723d0000 - 0x00007ffb723f5000 	C:\windows\SYSTEM32\USERENV.dll
0x00007ffb71f20000 - 0x00007ffb71f2c000 	C:\windows\SYSTEM32\CRYPTBASE.dll
0x00007ffb71a60000 - 0x00007ffb71a9a000 	C:\windows\SYSTEM32\IPHLPAPI.DLL
0x00007ffb74b30000 - 0x00007ffb74b38000 	C:\windows\System32\NSI.dll
0x00007ffb66ed0000 - 0x00007ffb66ee6000 	C:\windows\SYSTEM32\dhcpcsvc6.DLL
0x00007ffb6a260000 - 0x00007ffb6a27c000 	C:\windows\SYSTEM32\dhcpcsvc.DLL
0x00007ffb71aa0000 - 0x00007ffb71b6a000 	C:\windows\SYSTEM32\DNSAPI.dll
0x0000000059190000 - 0x0000000059328000 	C:\Program Files\Java\jdk1.8.0_131\jre\bin\awt.dll
0x00007ffb74b40000 - 0x00007ffb74c04000 	C:\windows\System32\OLEAUT32.dll
0x00007ffb70370000 - 0x00007ffb703ff000 	C:\windows\SYSTEM32\apphelp.dll
0x00007ffb70c30000 - 0x00007ffb70c5d000 	C:\windows\system32\DWMAPI.DLL
0x00007ffb70770000 - 0x00007ffb70809000 	C:\windows\system32\uxtheme.dll
0x0000000059160000 - 0x000000005918a000 	C:\Program Files\Java\jdk1.8.0_131\jre\bin\dcpr.dll

VM Arguments:
jvm_args: -Xmx1536m -Dfile.encoding=windows-1252 -Duser.country=US -Duser.language=en -Duser.variant 
java_command: org.gradle.launcher.daemon.bootstrap.GradleDaemon 5.6.4
java_class_path (initial): C:\Users\Debdut\.gradle\wrapper\dists\gradle-5.6.4-all\ankdp27end7byghfw1q2sw75f\gradle-5.6.4\lib\gradle-launcher-5.6.4.jar
Launcher Type: SUN_STANDARD

Environment Variables:
JAVA_HOME=C:\Program Files\Java\jdk1.8.0_131
PATH=C:\oracle\db18cXE\dbhomeXE\bin;;C:\Program Files (x86)\WinSCP\;C:\Program Files\PuTTY\;C:\Program Files\MySQL\MySQL Utilities 1.6\;C:\Python37\Scripts\;C:\Python37\;C:\Program Files (x86)\Eziriz\IntelliLock;C:\Program Files\Eziriz\NET Reactor;C:\ProgramData\Oracle\Java\javapath;C:\Program Files (x86)\Intel\iCLS Client\;C:\Program Files\Intel\iCLS Client\;C:\WINDOWS\system32;C:\WINDOWS;C:\WINDOWS\System32\Wbem;C:\WINDOWS\System32\WindowsPowerShell\v1.0\;C:\Program Files (x86)\NVIDIA Corporation\PhysX\Common;C:\Program Files (x86)\Intel\Intel(R) Management Engine Components\DAL;C:\Program Files\Intel\Intel(R) Management Engine Components\DAL;C:\Program Files (x86)\Intel\Intel(R) Management Engine Components\IPT;C:\Program Files\Intel\Intel(R) Management Engine Components\IPT;C:\Program Files\Microsoft\Web Platform Installer\;C:\Program Files (x86)\WinSCP\;C:\Program Files (x86)\Windows Kits\8.1\Windows Performance Toolkit\;C:\Program Files\Microsoft SQL Server\110\Tools\Binn\;C:\Go\bin;C:\Program Files (x86)\Bitvise SSH Client;C:\Program Files\PuTTY\;C:\Python27;C:\Program Files\Amazon\AWSCLI\;C:\WINDOWS\System32\OpenSSH\;C:\Program Files\SparkLabs\OpenVPN Configuration Generator\;C:\NodeJS\;C:\Users\Debdut\AppData\Local\Microsoft\WindowsApps;C:\Program Files (x86)\Nmap;C:\Program Files\Android\Android Studio\gradle\gradle-4.1\bin;C:\Users\Debdut\AppData\Roaming\npm;C:\Users\Debdut\AppData\Local\hyper\app-2.1.0\resources\bin;C:\Users\Debdut\AppData\Local\Programs\Microsoft VS Code\bin;C:\Users\Debdut\AppData\Local\Microsoft\WindowsApps;C:\msys64\usr\bin;C:\XiaoMi\XiaoMiFlash\Source\ThirdParty\Google\Android;C:\Program Files\Java\jdk1.8.0_131\bin;
USERNAME=Debdut
OS=Windows_NT
PROCESSOR_IDENTIFIER=Intel64 Family 6 Model 69 Stepping 1, GenuineIntel



---------------  S Y S T E M  ---------------

OS: Windows 10.0 , 64 bit Build 18362 (10.0.18362.329)

CPU:total 4 (initial active 4) (2 cores per cpu, 2 threads per core) family 6 model 69 stepping 1, cmov, cx8, fxsr, mmx, sse, sse2, sse3, ssse3, sse4.1, sse4.2, popcnt, avx, avx2, aes, clmul, erms, lzcnt, ht, tsc, tscinvbit, bmi1, bmi2

Memory: 4k page, physical 8290116k(341540k free), swap 10242884k(5752k free)

vm_info: Java HotSpot(TM) 64-Bit Server VM (25.131-b11) for windows-amd64 JRE (1.8.0_131-b11), built on Mar 15 2017 01:23:53 by "java_re" with MS VC++ 10.0 (VS2010)

time: Thu Apr 09 18:24:57 2020
elapsed time: 408 seconds (0d 0h 6m 48s)

